# JRE version: Java(TM) SE Runtime Environment (8.0_91-b14) (build 1.8.0_91-b14)
# Java VM: Java HotSpot(TM) 64-Bit Server VM (25.91-b14 mixed mode linux-amd64 compressed oops)
Heap:
 PSYoungGen      total 484864K, used 472602K [0x00000000d6d80000, 0x00000000f9b00000, 0x0000000100000000)
  eden space 467968K, 98% used [0x00000000d6d80000,0x00000000f2e7e3b8,0x00000000f3680000)
  from space 16896K, 75% used [0x00000000f3680000,0x00000000f4308520,0x00000000f4700000)
  to   space 17920K, 0% used [0x00000000f8980000,0x00000000f8980000,0x00000000f9b00000)
 ParOldGen       total 85504K, used 38526K [0x0000000084800000, 0x0000000089b80000, 0x00000000d6d80000)
  object space 85504K, 45% used [0x0000000084800000,0x0000000086d9fab8,0x0000000089b80000)
 Metaspace       used 57935K, capacity 58562K, committed 59008K, reserved 1099776K
  class space    used 7560K, capacity 7715K, committed 7808K, reserved 1048576K
GC Heap History (10 events):
Event: 6,065 GC heap before
{Heap before GC invocations=11 (full 1):
 PSYoungGen      total 252416K, used 252396K [0x00000000d6d80000, 0x00000000ebf00000, 0x0000000100000000)
  eden space 243712K, 100% used [0x00000000d6d80000,0x00000000e5b80000,0x00000000e5b80000)
  from space 8704K, 99% used [0x00000000e5b80000,0x00000000e63fb308,0x00000000e6400000)
  to   space 9728K, 0% used [0x00000000eb580000,0x00000000eb580000,0x00000000ebf00000)
 ParOldGen       total 50688K, used 9958K [0x0000000084800000, 0x0000000087980000, 0x00000000d6d80000)
  object space 50688K, 19% used [0x0000000084800000,0x00000000851b9ba0,0x0000000087980000)
 Metaspace       used 28808K, capacity 29064K, committed 29440K, reserved 1075200K
  class space    used 3618K, capacity 3717K, committed 3840K, reserved 1048576K
Event: 6,075 GC heap after
Heap after GC invocations=11 (full 1):
 PSYoungGen      total 333312K, used 9696K [0x00000000d6d80000, 0x00000000ee400000, 0x0000000100000000)
  eden space 323584K, 0% used [0x00000000d6d80000,0x00000000d6d80000,0x00000000ea980000)
  from space 9728K, 99% used [0x00000000eb580000,0x00000000ebef8320,0x00000000ebf00000)
  to   space 12288K, 0% used [0x00000000ea980000,0x00000000ea980000,0x00000000eb580000)
 ParOldGen       total 50688K, used 13325K [0x0000000084800000, 0x0000000087980000, 0x00000000d6d80000)
  object space 50688K, 26% used [0x0000000084800000,0x0000000085503440,0x0000000087980000)
 Metaspace       used 28808K, capacity 29064K, committed 29440K, reserved 1075200K
  class space    used 3618K, capacity 3717K, committed 3840K, reserved 1048576K
}
Event: 7,168 GC heap before
{Heap before GC invocations=12 (full 1):
 PSYoungGen      total 333312K, used 268463K [0x00000000d6d80000, 0x00000000ee400000, 0x0000000100000000)
  eden space 323584K, 79% used [0x00000000d6d80000,0x00000000e6a33be0,0x00000000ea980000)
  from space 9728K, 99% used [0x00000000eb580000,0x00000000ebef8320,0x00000000ebf00000)
  to   space 12288K, 0% used [0x00000000ea980000,0x00000000ea980000,0x00000000eb580000)
 ParOldGen       total 50688K, used 13325K [0x0000000084800000, 0x0000000087980000, 0x00000000d6d80000)
  object space 50688K, 26% used [0x0000000084800000,0x0000000085503440,0x0000000087980000)
 Metaspace       used 34840K, capacity 35186K, committed 35496K, reserved 1081344K
  class space    used 4426K, capacity 4546K, committed 4608K, reserved 1048576K
Event: 7,185 GC heap after
Heap after GC invocations=12 (full 1):
 PSYoungGen      total 335872K, used 10453K [0x00000000d6d80000, 0x00000000f5780000, 0x0000000100000000)
  eden space 323584K, 0% used [0x00000000d6d80000,0x00000000d6d80000,0x00000000ea980000)
  from space 12288K, 85% used [0x00000000ea980000,0x00000000eb3b5630,0x00000000eb580000)
  to   space 13312K, 0% used [0x00000000f4a80000,0x00000000f4a80000,0x00000000f5780000)
 ParOldGen       total 50688K, used 18073K [0x0000000084800000, 0x0000000087980000, 0x00000000d6d80000)
  object space 50688K, 35% used [0x0000000084800000,0x00000000859a6410,0x0000000087980000)
 Metaspace       used 34840K, capacity 35186K, committed 35496K, reserved 1081344K
  class space    used 4426K, capacity 4546K, committed 4608K, reserved 1048576K
}
Event: 7,185 GC heap before
{Heap before GC invocations=13 (full 2):
 PSYoungGen      total 335872K, used 10453K [0x00000000d6d80000, 0x00000000f5780000, 0x0000000100000000)
  eden space 323584K, 0% used [0x00000000d6d80000,0x00000000d6d80000,0x00000000ea980000)
  from space 12288K, 85% used [0x00000000ea980000,0x00000000eb3b5630,0x00000000eb580000)
  to   space 13312K, 0% used [0x00000000f4a80000,0x00000000f4a80000,0x00000000f5780000)
 ParOldGen       total 50688K, used 18073K [0x0000000084800000, 0x0000000087980000, 0x00000000d6d80000)
  object space 50688K, 35% used [0x0000000084800000,0x00000000859a6410,0x0000000087980000)
 Metaspace       used 34840K, capacity 35186K, committed 35496K, reserved 1081344K
  class space    used 4426K, capacity 4546K, committed 4608K, reserved 1048576K
Event: 7,256 GC heap after
Heap after GC invocations=13 (full 2):
 PSYoungGen      total 335872K, used 0K [0x00000000d6d80000, 0x00000000f5780000, 0x0000000100000000)
  eden space 323584K, 0% used [0x00000000d6d80000,0x00000000d6d80000,0x00000000ea980000)
  from space 12288K, 0% used [0x00000000ea980000,0x00000000ea980000,0x00000000eb580000)
  to   space 13312K, 0% used [0x00000000f4a80000,0x00000000f4a80000,0x00000000f5780000)
 ParOldGen       total 85504K, used 24122K [0x0000000084800000, 0x0000000089b80000, 0x00000000d6d80000)
  object space 85504K, 28% used [0x0000000084800000,0x0000000085f8e958,0x0000000089b80000)
 Metaspace       used 34840K, capacity 35186K, committed 35496K, reserved 1081344K
  class space    used 4426K, capacity 4546K, committed 4608K, reserved 1048576K
}
Event: 12,056 GC heap before
{Heap before GC invocations=14 (full 2):
 PSYoungGen      total 335872K, used 323584K [0x00000000d6d80000, 0x00000000f5780000, 0x0000000100000000)
  eden space 323584K, 100% used [0x00000000d6d80000,0x00000000ea980000,0x00000000ea980000)
  from space 12288K, 0% used [0x00000000ea980000,0x00000000ea980000,0x00000000eb580000)
  to   space 13312K, 0% used [0x00000000f4a80000,0x00000000f4a80000,0x00000000f5780000)
 ParOldGen       total 85504K, used 24122K [0x0000000084800000, 0x0000000089b80000, 0x00000000d6d80000)
  object space 85504K, 28% used [0x0000000084800000,0x0000000085f8e958,0x0000000089b80000)
 Metaspace       used 47449K, capacity 47852K, committed 48256K, reserved 1091584K
  class space    used 6118K, capacity 6232K, committed 6272K, reserved 1048576K
Event: 12,077 GC heap after
Heap after GC invocations=14 (full 2):
 PSYoungGen      total 428544K, used 13294K [0x00000000d6d80000, 0x00000000f5780000, 0x0000000100000000)
  eden space 415232K, 0% used [0x00000000d6d80000,0x00000000d6d80000,0x00000000f0300000)
  from space 13312K, 99% used [0x00000000f4a80000,0x00000000f577bad8,0x00000000f5780000)
  to   space 16896K, 0% used [0x00000000f3680000,0x00000000f3680000,0x00000000f4700000)
 ParOldGen       total 85504K, used 29467K [0x0000000084800000, 0x0000000089b80000, 0x00000000d6d80000)
  object space 85504K, 34% used [0x0000000084800000,0x00000000864c6fc0,0x0000000089b80000)
 Metaspace       used 47449K, capacity 47852K, committed 48256K, reserved 1091584K
  class space    used 6118K, capacity 6232K, committed 6272K, reserved 1048576K
}
Event: 13,766 GC heap before
{Heap before GC invocations=15 (full 2):
 PSYoungGen      total 428544K, used 428526K [0x00000000d6d80000, 0x00000000f5780000, 0x0000000100000000)
  eden space 415232K, 100% used [0x00000000d6d80000,0x00000000f0300000,0x00000000f0300000)
  from space 13312K, 99% used [0x00000000f4a80000,0x00000000f577bad8,0x00000000f5780000)
  to   space 16896K, 0% used [0x00000000f3680000,0x00000000f3680000,0x00000000f4700000)
 ParOldGen       total 85504K, used 29467K [0x0000000084800000, 0x0000000089b80000, 0x00000000d6d80000)
  object space 85504K, 34% used [0x0000000084800000,0x00000000864c6fc0,0x0000000089b80000)
 Metaspace       used 52151K, capacity 52694K, committed 52992K, reserved 1095680K
  class space    used 6754K, capacity 6901K, committed 6912K, reserved 1048576K
Event: 13,794 GC heap after
Heap after GC invocations=15 (full 2):
 PSYoungGen      total 484864K, used 12833K [0x00000000d6d80000, 0x00000000f9b00000, 0x0000000100000000)
  eden space 467968K, 0% used [0x00000000d6d80000,0x00000000d6d80000,0x00000000f3680000)
  from space 16896K, 75% used [0x00000000f3680000,0x00000000f4308520,0x00000000f4700000)
  to   space 17920K, 0% used [0x00000000f8980000,0x00000000f8980000,0x00000000f9b00000)
 ParOldGen       total 85504K, used 38526K [0x0000000084800000, 0x0000000089b80000, 0x00000000d6d80000)
  object space 85504K, 45% used [0x0000000084800000,0x0000000086d9fab8,0x0000000089b80000)
 Metaspace       used 52151K, capacity 52694K, committed 52992K, reserved 1095680K
  class space    used 6754K, capacity 6901K, committed 6912K, reserved 1048576K
}

